#
# There is insufficient memory for the Java Runtime Environment to continue.
# Native memory allocation (mmap) failed to map 134217728 bytes for G1 virtual space
# Possible reasons:
#   The system is out of physical RAM or swap space
#   The process is running with CompressedOops enabled, and the Java Heap may be blocking the growth of the native heap
# Possible solutions:
#   Reduce memory load on the system
#   Increase physical memory or swap space
#   Check if swap backing store is full
#   Decrease Java heap size (-Xmx/-Xms)
#   Decrease number of Java threads
#   Decrease Java thread stack sizes (-Xss)
#   Set larger code cache with -XX:ReservedCodeCacheSize=
#   JVM is running with Unscaled Compressed Oops mode in which the Java heap is
#     placed in the first 4GB address space. The Java Heap base address is the
#     maximum limit for the native heap growth. Please use -XX:HeapBaseMinAddress
#     to set the Java Heap base and to place the Java Heap above 4GB virtual address.
# This output file may be truncated or incomplete.
#
#  Out of Memory Error (./open/src/hotspot/os/windows/os_windows.cpp:3472), pid=24060, tid=21596
#
# JRE version:  (15.0.1+9) (build )
# Java VM: OpenJDK 64-Bit Server VM (15.0.1+9-18, mixed mode, sharing, tiered, compressed oops, g1 gc, windows-amd64)
# No core dump will be written. Minidumps are not enabled by default on client versions of Windows
#

---------------  S U M M A R Y ------------

Command Line: -Dcom.sun.management.jmxremote -Dcom.sun.management.jmxremote.port=53067 -Dcom.sun.management.jmxremote.authenticate=false -Dcom.sun.management.jmxremote.ssl=false -Djava.rmi.server.hostname=localhost -Dspring.jmx.enabled=true -Dspring.application.admin.enabled=true -XX:TieredStopAtLevel=1 -Dspring.boot.project.name=credit-card-payment-application -Dfile.encoding=Cp1252 -XX:+ShowCodeDetailsInExceptionMessages com.cg.creditcardpayment.CreditCardPaymentApplication --spring.output.ansi.enabled=always

Host: Intel(R) Core(TM) i7-9750H CPU @ 2.60GHz, 12 cores, 7G,  Windows 10 , 64 bit Build 19041 (10.0.19041.804)
Time: Mon Mar 29 17:58:59 2021 India Standard Time elapsed time: 0.110176 seconds (0d 0h 0m 0s)

---------------  T H R E A D  ---------------

Current thread (0x00000163798294a0):  JavaThread "Unknown thread" [_thread_in_vm, id=21596, stack(0x0000002651d00000,0x0000002651e00000)]

Stack: [0x0000002651d00000,0x0000002651e00000]
Native frames: (J=compiled Java code, j=interpreted, Vv=VM code, C=native code)
V  [jvm.dll+0x62ae9a]
V  [jvm.dll+0x781389]
V  [jvm.dll+0x782ae3]
V  [jvm.dll+0x783143]
V  [jvm.dll+0x216265]
V  [jvm.dll+0x6281d9]
V  [jvm.dll+0x61cd15]
V  [jvm.dll+0x2d01fd]
V  [jvm.dll+0x2d0062]
V  [jvm.dll+0x2d603c]
V  [jvm.dll+0x325b2a]
V  [jvm.dll+0x3251f4]
V  [jvm.dll+0x2a717a]
V  [jvm.dll+0x2a8318]
V  [jvm.dll+0x75e101]
V  [jvm.dll+0x3343e4]
V  [jvm.dll+0x73e826]
V  [jvm.dll+0x3b7777]
V  [jvm.dll+0x3b9201]
C  [jli.dll+0x52fb]
C  [ucrtbase.dll+0x21bb2]
C  [KERNEL32.DLL+0x17034]
C  [ntdll.dll+0x52651]


---------------  P R O C E S S  ---------------

Threads class SMR info:
_java_thread_list=0x00007ffe0cda4ff0, length=0, elements={
}

Java Threads: ( => current thread )

Other Threads:
  0x000001637986aa50 GCTaskThread "GC Thread#0" [stack: 0x0000002651e00000,0x0000002651f00000] [id=24572]
  0x000001637987b9b0 ConcurrentGCThread "G1 Main Marker" [stack: 0x0000002651f00000,0x0000002652000000] [id=24436]
  0x000001637987ccd0 ConcurrentGCThread "G1 Conc#0" [stack: 0x0000002652000000,0x0000002652100000] [id=24412]

[error occurred during error reporting (printing all threads), id 0xc0000005, EXCEPTION_ACCESS_VIOLATION (0xc0000005) at pc=0x00007ffe0c598047]

VM state: not at safepoint (not fully initialized)

VM Mutex/Monitor currently owned by a thread:  ([mutex/lock_event])
[0x0000016379824d30] Heap_lock - owner thread: 0x00000163798294a0

Heap address: 0x0000000081400000, size: 2028 MB, Compressed Oops mode: 32-bit
CDS archive(s) mapped at: [0x0000000000000000-0x0000000000000000-0x0000000000000000), size 0, SharedBaseAddress: 0x0000000800000000, ArchiveRelocationMode: 0.
Narrow klass base: 0x0000000000000000, Narrow klass shift: 0, Narrow klass range: 0x0

Heap:
 garbage-first heap   total 131072K, used 0K [0x0000000081400000, 0x0000000100000000)
  region size 1024K, 0 young (0K), 0 survivors (0K)
 Metaspace       used 0K, capacity 0K, committed 0K, reserved 0K
  class space    used 0K, capacity 0K, committed 0K, reserved 0K

Heap Regions: E=young(eden), S=young(survivor), O=old, HS=humongous(starts), HC=humongous(continues), CS=collection set, F=free, OA=open archive, CA=closed archive, TAMS=top-at-mark-start (previous, next)

Card table byte_map: [0x000001637db80000,0x000001637df80000] _byte_map_base: 0x000001637d776000

Marking Bits (Prev, Next): (CMBitMap*) 0x000001637986b1d0, (CMBitMap*) 0x000001637986b210
 Prev Bits: [0x000001630f000000, 0x0000016310fb0000)
 Next Bits: [0x0000016310fb0000, 0x0000016312f60000)

GC Heap History (0 events):
No events

Deoptimization events (0 events):
No events

Classes unloaded (0 events):
No events

Classes redefined (0 events):
No events

Internal exceptions (0 events):
No events

Events (1 events):
Event: 0.079 Loaded shared library C:\Users\venka\Desktop\capgemini\remote intern\downloads\spring-tool-suite-4-4.9.1.CI-B195-e4.19.0-win32.win32.x86_64\sts-4.9.1.CI-B195\plugins\org.eclipse.justj.openjdk.hotspot.jre.full.win32.x86_64_15.0.1.v20201027-0507\jre\bin\jav


Dynamic libraries:
0x00007ff78c5e0000 - 0x00007ff78c5ed000 	C:\Users\venka\Desktop\capgemini\remote intern\downloads\spring-tool-suite-4-4.9.1.CI-B195-e4.19.0-win32.win32.x86_64\sts-4.9.1.CI-B195\plugins\org.eclipse.justj.openjdk.hotspot.jre.full.win32.x86_64_15.0.1.v20201027-0507\jre\bin\javaw.exe
0x00007ffe4a530000 - 0x00007ffe4a725000 	C:\WINDOWS\SYSTEM32\ntdll.dll
0x00007ffe49f50000 - 0x00007ffe4a00d000 	C:\WINDOWS\System32\KERNEL32.DLL
0x00007ffe48080000 - 0x00007ffe48349000 	C:\WINDOWS\System32\KERNELBASE.dll
0x00007ffe48350000 - 0x00007ffe48450000 	C:\WINDOWS\System32\ucrtbase.dll
0x00007ffe3c600000 - 0x00007ffe3c618000 	C:\Users\venka\Desktop\capgemini\remote intern\downloads\spring-tool-suite-4-4.9.1.CI-B195-e4.19.0-win32.win32.x86_64\sts-4.9.1.CI-B195\plugins\org.eclipse.justj.openjdk.hotspot.jre.full.win32.x86_64_15.0.1.v20201027-0507\jre\bin\jli.dll
0x00007ffe3b900000 - 0x00007ffe3b919000 	C:\Users\venka\Desktop\capgemini\remote intern\downloads\spring-tool-suite-4-4.9.1.CI-B195-e4.19.0-win32.win32.x86_64\sts-4.9.1.CI-B195\plugins\org.eclipse.justj.openjdk.hotspot.jre.full.win32.x86_64_15.0.1.v20201027-0507\jre\bin\VCRUNTIME140.dll
0x00007ffe48790000 - 0x00007ffe48930000 	C:\WINDOWS\System32\USER32.dll
0x00007ffe484b0000 - 0x00007ffe484d2000 	C:\WINDOWS\System32\win32u.dll
0x00007ffe49de0000 - 0x00007ffe49e0a000 	C:\WINDOWS\System32\GDI32.dll
0x00007ffe47dd0000 - 0x00007ffe47edb000 	C:\WINDOWS\System32\gdi32full.dll
0x00007ffe47fe0000 - 0x00007ffe4807d000 	C:\WINDOWS\System32\msvcp_win.dll
0x00007ffe3af10000 - 0x00007ffe3b1aa000 	C:\WINDOWS\WinSxS\amd64_microsoft.windows.common-controls_6595b64144ccf1df_6.0.19041.844_none_ca00b6081b84eb1d\COMCTL32.dll
0x00007ffe49300000 - 0x00007ffe4939e000 	C:\WINDOWS\System32\msvcrt.dll
0x00007ffe4a010000 - 0x00007ffe4a040000 	C:\WINDOWS\System32\IMM32.DLL
0x00007ffe43550000 - 0x00007ffe4355c000 	C:\Users\venka\Desktop\capgemini\remote intern\downloads\spring-tool-suite-4-4.9.1.CI-B195-e4.19.0-win32.win32.x86_64\sts-4.9.1.CI-B195\plugins\org.eclipse.justj.openjdk.hotspot.jre.full.win32.x86_64_15.0.1.v20201027-0507\jre\bin\vcruntime140_1.dll
0x00007ffe197a0000 - 0x00007ffe19831000 	C:\Users\venka\Desktop\capgemini\remote intern\downloads\spring-tool-suite-4-4.9.1.CI-B195-e4.19.0-win32.win32.x86_64\sts-4.9.1.CI-B195\plugins\org.eclipse.justj.openjdk.hotspot.jre.full.win32.x86_64_15.0.1.v20201027-0507\jre\bin\msvcp140.dll
0x00007ffe0c2e0000 - 0x00007ffe0ce3e000 	C:\Users\venka\Desktop\capgemini\remote intern\downloads\spring-tool-suite-4-4.9.1.CI-B195-e4.19.0-win32.win32.x86_64\sts-4.9.1.CI-B195\plugins\org.eclipse.justj.openjdk.hotspot.jre.full.win32.x86_64_15.0.1.v20201027-0507\jre\bin\server\jvm.dll
0x00007ffe49250000 - 0x00007ffe492fc000 	C:\WINDOWS\System32\ADVAPI32.dll
0x00007ffe4a260000 - 0x00007ffe4a2fc000 	C:\WINDOWS\System32\sechost.dll
0x00007ffe48590000 - 0x00007ffe486bb000 	C:\WINDOWS\System32\RPCRT4.dll
0x00007ffe49f40000 - 0x00007ffe49f48000 	C:\WINDOWS\System32\PSAPI.DLL
0x00007ffe2e580000 - 0x00007ffe2e589000 	C:\WINDOWS\SYSTEM32\WSOCK32.dll
0x00007ffe4a040000 - 0x00007ffe4a0ab000 	C:\WINDOWS\System32\WS2_32.dll
0x00007ffe3bcb0000 - 0x00007ffe3bcd7000 	C:\WINDOWS\SYSTEM32\WINMM.dll
0x00007ffe3ee10000 - 0x00007ffe3ee1a000 	C:\WINDOWS\SYSTEM32\VERSION.dll
0x00007ffe46550000 - 0x00007ffe46562000 	C:\WINDOWS\SYSTEM32\kernel.appcore.dll
0x00007ffe422b0000 - 0x00007ffe422ba000 	C:\Users\venka\Desktop\capgemini\remote intern\downloads\spring-tool-suite-4-4.9.1.CI-B195-e4.19.0-win32.win32.x86_64\sts-4.9.1.CI-B195\plugins\org.eclipse.justj.openjdk.hotspot.jre.full.win32.x86_64_15.0.1.v20201027-0507\jre\bin\jimage.dll
0x00007ffe45ad0000 - 0x00007ffe45cb4000 	C:\WINDOWS\SYSTEM32\DBGHELP.DLL
0x00007ffe2e800000 - 0x00007ffe2e82c000 	C:\WINDOWS\SYSTEM32\dbgcore.DLL
0x00007ffe484e0000 - 0x00007ffe48560000 	C:\WINDOWS\System32\bcryptPrimitives.dll
0x00007ffe403b0000 - 0x00007ffe403d5000 	C:\Users\venka\Desktop\capgemini\remote intern\downloads\spring-tool-suite-4-4.9.1.CI-B195-e4.19.0-win32.win32.x86_64\sts-4.9.1.CI-B195\plugins\org.eclipse.justj.openjdk.hotspot.jre.full.win32.x86_64_15.0.1.v20201027-0507\jre\bin\java.dll

dbghelp: loaded successfully - version: 4.0.5 - missing functions: none
symbol engine: initialized successfully - sym options: 0x614 - pdb path: .;C:\Users\venka\Desktop\capgemini\remote intern\downloads\spring-tool-suite-4-4.9.1.CI-B195-e4.19.0-win32.win32.x86_64\sts-4.9.1.CI-B195\plugins\org.eclipse.justj.openjdk.hotspot.jre.full.win32.x86_64_15.0.1.v20201027-0507\jre\bin;C:\WINDOWS\SYSTEM32;C:\WINDOWS\WinSxS\amd64_microsoft.windows.common-controls_6595b64144ccf1df_6.0.19041.844_none_ca00b6081b84eb1d;C:\Users\venka\Desktop\capgemini\remote intern\downloads\spring-tool-suite-4-4.9.1.CI-B195-e4.19.0-win32.win32.x86_64\sts-4.9.1.CI-B195\plugins\org.eclipse.justj.openjdk.hotspot.jre.full.win32.x86_64_15.0.1.v20201027-0507\jre\bin\server

VM Arguments:
jvm_args: -Dcom.sun.management.jmxremote -Dcom.sun.management.jmxremote.port=53067 -Dcom.sun.management.jmxremote.authenticate=false -Dcom.sun.management.jmxremote.ssl=false -Djava.rmi.server.hostname=localhost -Dspring.jmx.enabled=true -Dspring.application.admin.enabled=true -XX:TieredStopAtLevel=1 -Dspring.boot.project.name=credit-card-payment-application -Dfile.encoding=Cp1252 -XX:+ShowCodeDetailsInExceptionMessages 
java_command: com.cg.creditcardpayment.CreditCardPaymentApplication --spring.output.ansi.enabled=always
java_class_path (initial): C:\Users\venka\Desktop\project\project\credit-card-payment-application\bin\main;C:\gradle-6.8.3-bin\gradle-6.8.3\caches\modules-2\files-2.1\org.springframework.boot\spring-boot-starter-data-jpa\2.4.3\356d18d4bb10915f3d13c845fc38b5c068f2e075\spring-boot-starter-data-jpa-2.4.3.jar;C:\gradle-6.8.3-bin\gradle-6.8.3\caches\modules-2\files-2.1\org.springframework.boot\spring-boot-starter-web\2.4.3\4f5554ea183af87e52d8c31bb82aada0d74c40b0\spring-boot-starter-web-2.4.3.jar;C:\gradle-6.8.3-bin\gradle-6.8.3\caches\modules-2\files-2.1\javax.servlet\jstl\1.2\74aca283cd4f4b4f3e425f5820cda58f44409547\jstl-1.2.jar;C:\gradle-6.8.3-bin\gradle-6.8.3\caches\modules-2\files-2.1\org.apache.tomcat.embed\tomcat-embed-jasper\9.0.43\2139aa6213720ea485971473566a6f27270b7584\tomcat-embed-jasper-9.0.43.jar;C:\gradle-6.8.3-bin\gradle-6.8.3\caches\modules-2\files-2.1\org.springframework.boot\spring-boot-starter-validation\2.4.3\4fcad7c11f72ab8db3075a48f29b8fc1646d9796\spring-boot-starter-validation-2.4.3.jar;C:\gradle-6.8.3-bin\gradle-6.8.3\caches\modules-2\files-2.1\org.springframework.boot\spring-boot-starter-aop\2.4.3\333593abae74bf7ecc883460751dcc69afb82604\spring-boot-starter-aop-2.4.3.jar;C:\gradle-6.8.3-bin\gradle-6.8.3\caches\modules-2\files-2.1\org.springframework.boot\spring-boot-starter-jdbc\2.4.3\2c5853339333cd2b545816d57f12f9d0a0fe6932\spring-boot-starter-jdbc-2.4.3.jar;C:\gradle-6.8.3-bin\gradle-6.8.3\caches\modules-2\files-2.1\jakarta.transaction\jakarta.transaction-api\1.3.3\c4179d48720a1e87202115fbed6089bdc4195405\jakarta.transaction-api-1.3.3.jar;C:\gradle-6.8.3-bin\gradle-6.8.3\caches\modules-2\files-2.1\jakarta.persistence\jakarta.persistence-api\2.2.3\8f6ea5daedc614f07a3654a455660145286f024e\jakarta.persistence-api-2.2.3.jar;C:\gradle-6.8.3-bin\gradle-6.8.3\caches\modules-2\files-2.1\org.hibernate\hibernate-core\5.4.28.Final\c096dbb27f83655ec252165340b532733c58e8fb\hibernate-core-5.4.28.Final.jar;C:\gradle-6.8.3-bin\gradle-6.8.3\caches\modules-2\
Launcher Type: SUN_STANDARD

[Global flags]
     intx CICompilerCount                          = 4                                         {product} {ergonomic}
     uint ConcGCThreads                            = 3                                         {product} {ergonomic}
     uint G1ConcRefinementThreads                  = 10                                        {product} {ergonomic}
   size_t G1HeapRegionSize                         = 1048576                                   {product} {ergonomic}
    uintx GCDrainStackTargetSize                   = 64                                        {product} {ergonomic}
   size_t InitialHeapSize                          = 134217728                                 {product} {ergonomic}
     bool ManagementServer                         = true                                      {product} {command line}
   size_t MarkStackSize                            = 4194304                                   {product} {ergonomic}
   size_t MaxHeapSize                              = 2126512128                                {product} {ergonomic}
   size_t MinHeapDeltaBytes                        = 1048576                                   {product} {ergonomic}
   size_t MinHeapSize                              = 8388608                                   {product} {ergonomic}
    uintx NonNMethodCodeHeapSize                   = 7549744                                {pd product} {ergonomic}
    uintx NonProfiledCodeHeapSize                  = 244108496                              {pd product} {ergonomic}
    uintx ProfiledCodeHeapSize                     = 0                                      {pd product} {ergonomic}
    uintx ReservedCodeCacheSize                    = 251658240                              {pd product} {ergonomic}
     bool SegmentedCodeCache                       = true                                      {product} {ergonomic}
     bool ShowCodeDetailsInExceptionMessages       = true                                   {manageable} {command line}
   size_t SoftMaxHeapSize                          = 2126512128                             {manageable} {ergonomic}
     intx TieredStopAtLevel                        = 1                                         {product} {command line}
     bool UseCompressedClassPointers               = true                                 {lp64_product} {ergonomic}
     bool UseCompressedOops                        = true                                 {lp64_product} {ergonomic}
     bool UseG1GC                                  = true                                      {product} {ergonomic}
     bool UseLargePagesIndividualAllocation        = false                                  {pd product} {ergonomic}

Logging:
Log output configuration:
 #0: stdout all=warning uptime,level,tags
 #1: stderr all=off uptime,level,tags

Environment Variables:
JAVA_HOME=C:\Program Files\Java\jdk1.8.0_281
PATH=C:/Users/venka/Desktop/capgemini/remote intern/downloads/spring-tool-suite-4-4.9.1.CI-B195-e4.19.0-win32.win32.x86_64/sts-4.9.1.CI-B195//plugins/org.eclipse.justj.openjdk.hotspot.jre.full.win32.x86_64_15.0.1.v20201027-0507/jre/bin/server;C:/Users/venka/Desktop/capgemini/remote intern/downloads/spring-tool-suite-4-4.9.1.CI-B195-e4.19.0-win32.win32.x86_64/sts-4.9.1.CI-B195//plugins/org.eclipse.justj.openjdk.hotspot.jre.full.win32.x86_64_15.0.1.v20201027-0507/jre/bin;C:\Program Files\Common Files\Oracle\Java\javapath;C:\Program Files (x86)\Common Files\Oracle\Java\javapath;C:\Windows\system32;C:\Windows;C:\Windows\System32\Wbem;C:\Windows\System32\WindowsPowerShell\v1.0\;C:\Windows\System32\OpenSSH\;C:\Program Files (x86)\NVIDIA Corporation\PhysX\Common;C:\Program Files\NVIDIA Corporation\NVIDIA NvDLISR;D:\softwares\bin;C:\Users\venka\AppData\Local\Programs\Python\Python37\;C:\Users\venka\AppData\Local\Programs\Python\Python37\Scripts;C:\WINDOWS\system32;C:\WINDOWS;C:\WINDOWS\System32\Wbem;C:\WINDOWS\System32\WindowsPowerShell\v1.0\;C:\WINDOWS\System32\OpenSSH\;C:\Program Files\nodejs\;C:\Program Files\Git\cmd;C:\gradle-6.8.3-bin\gradle-6.8.3;C:\Users\venka\Anaconda3;C:\Users\venka\Anaconda3\Library\mingw-w64\bin;C:\Users\venka\Anaconda3\Library\usr\bin;C:\Users\venka\Anaconda3\Library\bin;C:\Users\venka\Anaconda3\Scripts;C:\Users\venka\AppData\Local\Programs\Python\Python37\Scripts\;C:\Users\venka\AppData\Local\Programs\Python\Python37\;C:\Users\venka\AppData\Local\Microsoft\WindowsApps;D:\reddr\miktex\bin\x64\;C:\Program Files\Java\jdk1.8.0_281\bin;;C:\Users\venka\AppData\Local\Programs\Microsoft VS Code\bin;C:\Users\venka\AppData\Roaming\npm;C:\Users\venka\Desktop\capgemini\remote intern\downloads\spring-tool-suite-4-4.9.1.CI-B195-e4.19.0-win32.win32.x86_64\sts-4.9.1.CI-B195;
USERNAME=venka
OS=Windows_NT
PROCESSOR_IDENTIFIER=Intel64 Family 6 Model 158 Stepping 10, GenuineIntel



---------------  S Y S T E M  ---------------

OS:
 Windows 10 , 64 bit Build 19041 (10.0.19041.804)
OS uptime: 2 days 22:43 hours

CPU: total 12 (initial active 12) (6 cores per cpu, 2 threads per core) family 6 model 158 stepping 10 microcode 0xde, cmov, cx8, fxsr, mmx, sse, sse2, sse3, ssse3, sse4.1, sse4.2, popcnt, vzeroupper, avx, avx2, aes, clmul, erms, 3dnowpref, lzcnt, ht, tsc, tscinvbit, bmi1, bmi2, adx, fma, clflush, clflushopt

Memory: 4k page, system-wide physical 8111M (297M free)
TotalPageFile size 32687M (AvailPageFile size 46M)
current process WorkingSet (physical memory assigned to process): 10M, peak: 10M
current process commit charge ("private bytes"): 62M, peak: 189M

vm_info: OpenJDK 64-Bit Server VM (15.0.1+9-18) for windows-amd64 JRE (15.0.1+9-18), built on Sep 15 2020 14:39:31 by "mach5one" with unknown MS VC++:1925

END.
